<?xml version="1.0" encoding="UTF-8"?>
<testsuites name="jest tests" tests="31" failures="0" errors="0" time="3.7">
  <testsuite name="Проверка функции searchCity" errors="0" failures="0" skipped="0" timestamp="2024-08-18T17:45:28" time="0.461" tests="22">
    <testcase classname="Проверка функции searchCity searchCity на русском должен вернуть полный массив городов, когда входное значение пустое" name="Проверка функции searchCity searchCity на русском должен вернуть полный массив городов, когда входное значение пустое" time="0.004">
    </testcase>
    <testcase classname="Проверка функции searchCity searchCity на русском должен вернуть пустой массив, когда входное значение не совпадает ни с одним городом" name="Проверка функции searchCity searchCity на русском должен вернуть пустой массив, когда входное значение не совпадает ни с одним городом" time="0.001">
    </testcase>
    <testcase classname="Проверка функции searchCity searchCity на русском должен вернуть отфильтрованный массив городов, когда входное значение совпадает с городом" name="Проверка функции searchCity searchCity на русском должен вернуть отфильтрованный массив городов, когда входное значение совпадает с городом" time="0">
    </testcase>
    <testcase classname="Проверка функции searchCity searchCity на русском должен вернуть отфильтрованный массив городов, когда входное значение совпадает с городом на другом языке" name="Проверка функции searchCity searchCity на русском должен вернуть отфильтрованный массив городов, когда входное значение совпадает с городом на другом языке" time="0">
    </testcase>
    <testcase classname="Проверка функции searchCity searchCity на русском должен корректно обрабатывать ввод с разным регистром" name="Проверка функции searchCity searchCity на русском должен корректно обрабатывать ввод с разным регистром" time="0">
    </testcase>
    <testcase classname="Проверка функции searchCity searchCity на русском должен вернуть пустой массив, если входное значение содержит спецсимволы или числа" name="Проверка функции searchCity searchCity на русском должен вернуть пустой массив, если входное значение содержит спецсимволы или числа" time="0.001">
    </testcase>
    <testcase classname="Проверка функции searchCity searchCity на русском должен вернуть пустой массив, если входное значение содержит спецсимволы или числа" name="Проверка функции searchCity searchCity на русском должен вернуть пустой массив, если входное значение содержит спецсимволы или числа" time="0">
    </testcase>
    <testcase classname="Проверка функции searchCity searchCity на русском должен вернуть пустой массив, если cities не существует" name="Проверка функции searchCity searchCity на русском должен вернуть пустой массив, если cities не существует" time="0">
    </testcase>
    <testcase classname="Проверка функции searchCity searchCity на английском должен вернуть полный массив городов, когда входное значение пустое" name="Проверка функции searchCity searchCity на английском должен вернуть полный массив городов, когда входное значение пустое" time="0">
    </testcase>
    <testcase classname="Проверка функции searchCity searchCity на английском должен вернуть пустой массив, когда входное значение не совпадает ни с одним городом" name="Проверка функции searchCity searchCity на английском должен вернуть пустой массив, когда входное значение не совпадает ни с одним городом" time="0">
    </testcase>
    <testcase classname="Проверка функции searchCity searchCity на английском должен вернуть отфильтрованный массив городов, когда входное значение совпадает с городом" name="Проверка функции searchCity searchCity на английском должен вернуть отфильтрованный массив городов, когда входное значение совпадает с городом" time="0">
    </testcase>
    <testcase classname="Проверка функции searchCity searchCity на английском должен вернуть отфильтрованный массив городов, когда входное значение совпадает с городом на другом языке" name="Проверка функции searchCity searchCity на английском должен вернуть отфильтрованный массив городов, когда входное значение совпадает с городом на другом языке" time="0">
    </testcase>
    <testcase classname="Проверка функции searchCity searchCity на английском должен корректно обрабатывать ввод с разным регистром" name="Проверка функции searchCity searchCity на английском должен корректно обрабатывать ввод с разным регистром" time="0">
    </testcase>
    <testcase classname="Проверка функции searchCity searchCity на английском должен вернуть пустой массив, если входное значение содержит спецсимволы или числа" name="Проверка функции searchCity searchCity на английском должен вернуть пустой массив, если входное значение содержит спецсимволы или числа" time="0">
    </testcase>
    <testcase classname="Проверка функции searchCity searchCity на казахском должен вернуть полный массив городов, когда входное значение пустое" name="Проверка функции searchCity searchCity на казахском должен вернуть полный массив городов, когда входное значение пустое" time="0">
    </testcase>
    <testcase classname="Проверка функции searchCity searchCity на казахском должен вернуть пустой массив, когда входное значение не совпадает ни с одним городом" name="Проверка функции searchCity searchCity на казахском должен вернуть пустой массив, когда входное значение не совпадает ни с одним городом" time="0">
    </testcase>
    <testcase classname="Проверка функции searchCity searchCity на казахском должен вернуть отфильтрованный массив городов, когда входное значение совпадает с городом" name="Проверка функции searchCity searchCity на казахском должен вернуть отфильтрованный массив городов, когда входное значение совпадает с городом" time="0.001">
    </testcase>
    <testcase classname="Проверка функции searchCity searchCity на казахском должен вернуть отфильтрованный массив городов, когда входное значение совпадает с городом на другом языке" name="Проверка функции searchCity searchCity на казахском должен вернуть отфильтрованный массив городов, когда входное значение совпадает с городом на другом языке" time="0">
    </testcase>
    <testcase classname="Проверка функции searchCity searchCity на казахском должен корректно обрабатывать ввод с разным регистром" name="Проверка функции searchCity searchCity на казахском должен корректно обрабатывать ввод с разным регистром" time="0">
    </testcase>
    <testcase classname="Проверка функции searchCity searchCity на казахском должен вернуть пустой массив, если входное значение содержит спецсимволы или числа" name="Проверка функции searchCity searchCity на казахском должен вернуть пустой массив, если входное значение содержит спецсимволы или числа" time="0">
    </testcase>
    <testcase classname="Проверка функции searchCity Некорректные или отсутствующие локали должен вернуть пустой массив, если передана некорректная локаль" name="Проверка функции searchCity Некорректные или отсутствующие локали должен вернуть пустой массив, если передана некорректная локаль" time="0">
    </testcase>
    <testcase classname="Проверка функции searchCity Некорректные или отсутствующие локали должен вернуть пустой массив, если локаль отсутствует" name="Проверка функции searchCity Некорректные или отсутствующие локали должен вернуть пустой массив, если локаль отсутствует" time="0">
    </testcase>
  </testsuite>
  <testsuite name="undefined" errors="0" failures="0" skipped="0" timestamp="2024-08-18T17:45:28" time="0.688" tests="3">
    <testcase classname=" Запрос текущего города изходя из локали и адреса в url (rus)" name=" Запрос текущего города изходя из локали и адреса в url (rus)" time="0.036">
    </testcase>
    <testcase classname=" Запрос текущего города изходя из локали и адреса в url (eng)" name=" Запрос текущего города изходя из локали и адреса в url (eng)" time="0.002">
    </testcase>
    <testcase classname=" Запрос текущего города изходя из локали и адреса в url (kaz)" name=" Запрос текущего города изходя из локали и адреса в url (kaz)" time="0.001">
    </testcase>
  </testsuite>
  <testsuite name="undefined" errors="0" failures="0" skipped="0" timestamp="2024-08-18T17:45:28" time="2.861" tests="2">
    <testcase classname=" Открытие и закрытие модального окна" name=" Открытие и закрытие модального окна" time="0.622">
    </testcase>
    <testcase classname=" Фильтрация городов при поиске" name=" Фильтрация городов при поиске" time="0.188">
    </testcase>
  </testsuite>
  <testsuite name="Тестирование Header с Локализацией на русском" errors="0" failures="0" skipped="0" timestamp="2024-08-18T17:45:28" time="3.178" tests="4">
    <testcase classname="Тестирование Header с Локализацией на русском Рендер Header и проверка содержимого" name="Тестирование Header с Локализацией на русском Рендер Header и проверка содержимого" time="0.158">
    </testcase>
    <testcase classname="Тестирование Header с Локализацией на русском Найдена страница Аккаунт" name="Тестирование Header с Локализацией на русском Найдена страница Аккаунт" time="0.399">
    </testcase>
    <testcase classname="Тестирование Header с Локализацией на русском Найдена компонент Выбрать тему" name="Тестирование Header с Локализацией на русском Найдена компонент Выбрать тему" time="0.327">
    </testcase>
    <testcase classname="Тестирование Header с Локализацией на русском Найдена компонент Выбрать язык" name="Тестирование Header с Локализацией на русском Найдена компонент Выбрать язык" time="0.313">
    </testcase>
  </testsuite>
</testsuites>