<?xml version="1.0" encoding="UTF-8"?>
<testsuites name="jest tests" tests="1" failures="0" errors="0" time="3.042">
  <testsuite name="undefined" errors="0" failures="0" skipped="0" timestamp="2024-09-11T01:28:03" time="2.688" tests="1">
    <testcase classname=" Фильтрация городов при поиске" name=" Фильтрация городов при поиске" time="0.488">
    </testcase>
  </testsuite>
</testsuites>